Determining if the pthread_create exist failed with the following output:
Change Dir: /home/shane/CLionProjects/osrm_dll/cmake-build-debug/CMakeFiles/CMakeTmp

Run Build Command:"/usr/bin/make" "cmTC_dad79/fast"
/usr/bin/make -f CMakeFiles/cmTC_dad79.dir/build.make CMakeFiles/cmTC_dad79.dir/build
make[1]: Entering directory '/home/shane/CLionProjects/osrm_dll/cmake-build-debug/CMakeFiles/CMakeTmp'
Building C object CMakeFiles/cmTC_dad79.dir/CheckSymbolExists.c.o
/usr/bin/cc    -o CMakeFiles/cmTC_dad79.dir/CheckSymbolExists.c.o   -c /home/shane/CLionProjects/osrm_dll/cmake-build-debug/CMakeFiles/CMakeTmp/CheckSymbolExists.c
Linking C executable cmTC_dad79
/opt/clion-2018.1/bin/cmake/bin/cmake -E cmake_link_script CMakeFiles/cmTC_dad79.dir/link.txt --verbose=1
/usr/bin/cc      CMakeFiles/cmTC_dad79.dir/CheckSymbolExists.c.o  -o cmTC_dad79 
CMakeFiles/cmTC_dad79.dir/CheckSymbolExists.c.o: In function `main':
CheckSymbolExists.c:(.text+0x16): undefined reference to `pthread_create'
collect2: error: ld returned 1 exit status
CMakeFiles/cmTC_dad79.dir/build.make:97: recipe for target 'cmTC_dad79' failed
make[1]: *** [cmTC_dad79] Error 1
make[1]: Leaving directory '/home/shane/CLionProjects/osrm_dll/cmake-build-debug/CMakeFiles/CMakeTmp'
Makefile:126: recipe for target 'cmTC_dad79/fast' failed
make: *** [cmTC_dad79/fast] Error 2

File /home/shane/CLionProjects/osrm_dll/cmake-build-debug/CMakeFiles/CMakeTmp/CheckSymbolExists.c:
/* */
#include <pthread.h>

int main(int argc, char** argv)
{
  (void)argv;
#ifndef pthread_create
  return ((int*)(&pthread_create))[argc];
#else
  (void)argc;
  return 0;
#endif
}

Determining if the function pthread_create exists in the pthreads failed with the following output:
Change Dir: /home/shane/CLionProjects/osrm_dll/cmake-build-debug/CMakeFiles/CMakeTmp

Run Build Command:"/usr/bin/make" "cmTC_03fdc/fast"
/usr/bin/make -f CMakeFiles/cmTC_03fdc.dir/build.make CMakeFiles/cmTC_03fdc.dir/build
make[1]: Entering directory '/home/shane/CLionProjects/osrm_dll/cmake-build-debug/CMakeFiles/CMakeTmp'
Building C object CMakeFiles/cmTC_03fdc.dir/CheckFunctionExists.c.o
/usr/bin/cc   -DCHECK_FUNCTION_EXISTS=pthread_create   -o CMakeFiles/cmTC_03fdc.dir/CheckFunctionExists.c.o   -c /opt/clion-2018.1/bin/cmake/share/cmake-3.10/Modules/CheckFunctionExists.c
Linking C executable cmTC_03fdc
/opt/clion-2018.1/bin/cmake/bin/cmake -E cmake_link_script CMakeFiles/cmTC_03fdc.dir/link.txt --verbose=1
/usr/bin/cc  -DCHECK_FUNCTION_EXISTS=pthread_create    CMakeFiles/cmTC_03fdc.dir/CheckFunctionExists.c.o  -o cmTC_03fdc -lpthreads 
/usr/bin/ld: cannot find -lpthreads
collect2: error: ld returned 1 exit status
CMakeFiles/cmTC_03fdc.dir/build.make:97: recipe for target 'cmTC_03fdc' failed
make[1]: *** [cmTC_03fdc] Error 1
make[1]: Leaving directory '/home/shane/CLionProjects/osrm_dll/cmake-build-debug/CMakeFiles/CMakeTmp'
Makefile:126: recipe for target 'cmTC_03fdc/fast' failed
make: *** [cmTC_03fdc/fast] Error 2


